************************************************************************************************************************************

[15/03/2011 16:53:45]: Configurações do painel SMM foram salvas em D:\ZOST\TRUNK\Painel SMM Impostometro\Config.ini

************************************************************************************************************************************
************************************************************************************************************************************

[15/03/2011 16:53:45]: Atualização de Funcionamento do Painel realizado com retorno: 

************************************************************************************************************************************
************************************************************************************************************************************

[15/03/2011 16:53:45]: O valor ;height:31px; verti foi enviado com sucesso ao painel via porta: COM1

************************************************************************************************************************************
************************************************************************************************************************************

[15/03/2011 16:53:45]: Valor da URL "http://nds01.trf5.gov.br/" atualizou valor padrão para: ;height:31px; verti

************************************************************************************************************************************
************************************************************************************************************************************

[15/03/2011 16:53:35]: Configurações do painel SMM foram salvas em D:\ZOST\TRUNK\Painel SMM Impostometro\Config.ini

************************************************************************************************************************************
************************************************************************************************************************************

[15/03/2011 16:53:35]: Atualização de Funcionamento do Painel realizado com retorno: 

************************************************************************************************************************************
************************************************************************************************************************************

[15/03/2011 16:53:35]: O valor ados</div>
      <! foi enviado com sucesso ao painel via porta: COM1

************************************************************************************************************************************
************************************************************************************************************************************

[15/03/2011 16:53:35]: Valor da URL "http://nds01.trf5.gov.br/" atualizou valor padrão para: ados</div>
      <!

************************************************************************************************************************************
************************************************************************************************************************************

[15/03/2011 16:53:25]: Configurações do painel SMM foram salvas em D:\ZOST\TRUNK\Painel SMM Impostometro\Config.ini

************************************************************************************************************************************
************************************************************************************************************************************

[15/03/2011 16:53:25]: Atualização de Funcionamento do Painel realizado com retorno: 

************************************************************************************************************************************
************************************************************************************************************************************

[15/03/2011 16:53:25]: O valor ;height:31px; verti foi enviado com sucesso ao painel via porta: COM1

************************************************************************************************************************************
************************************************************************************************************************************

[15/03/2011 16:53:25]: Valor da URL "http://nds01.trf5.gov.br/" atualizou valor padrão para: ;height:31px; verti

************************************************************************************************************************************
************************************************************************************************************************************

[15/03/2011 16:53:15]: Configurações do painel SMM foram salvas em D:\ZOST\TRUNK\Painel SMM Impostometro\Config.ini

************************************************************************************************************************************
************************************************************************************************************************************

[15/03/2011 16:53:15]: Atualização de Funcionamento do Painel realizado com retorno: 

************************************************************************************************************************************
************************************************************************************************************************************

[15/03/2011 16:53:15]: O valor ;height:31px; verti foi enviado com sucesso ao painel via porta: COM1

************************************************************************************************************************************
************************************************************************************************************************************

[15/03/2011 16:53:15]: Valor da URL "http://nds01.trf5.gov.br/" atualizou valor padrão para: ;height:31px; verti

************************************************************************************************************************************
************************************************************************************************************************************

[15/03/2011 16:53:05]: Configurações do painel SMM foram salvas em D:\ZOST\TRUNK\Painel SMM Impostometro\Config.ini

************************************************************************************************************************************
************************************************************************************************************************************

[15/03/2011 16:53:05]: Atualização de Funcionamento do Painel realizado com retorno: 

************************************************************************************************************************************
************************************************************************************************************************************

[15/03/2011 16:53:05]: O valor ;height:31px; verti foi enviado com sucesso ao painel via porta: COM1

************************************************************************************************************************************
************************************************************************************************************************************

[15/03/2011 16:53:05]: Valor da URL "http://nds01.trf5.gov.br/" atualizou valor padrão para: ;height:31px; verti

************************************************************************************************************************************
************************************************************************************************************************************

[15/03/2011 16:52:55]: Configurações do painel SMM foram salvas em D:\ZOST\TRUNK\Painel SMM Impostometro\Config.ini

************************************************************************************************************************************
************************************************************************************************************************************

[15/03/2011 16:52:55]: Atualização de Funcionamento do Painel realizado com retorno: 

************************************************************************************************************************************
************************************************************************************************************************************

[15/03/2011 16:52:55]: O valor ;height:31px; verti foi enviado com sucesso ao painel via porta: COM1

************************************************************************************************************************************
************************************************************************************************************************************

[15/03/2011 16:52:55]: Valor da URL "http://nds01.trf5.gov.br/" atualizou valor padrão para: ;height:31px; verti

************************************************************************************************************************************
************************************************************************************************************************************

[15/03/2011 16:52:47]: Configurações do painel SMM foram salvas em D:\ZOST\TRUNK\Painel SMM Impostometro\Config.ini

************************************************************************************************************************************
************************************************************************************************************************************

[15/03/2011 16:52:47]: Atualização de Funcionamento do Painel realizado com retorno: 

************************************************************************************************************************************
************************************************************************************************************************************

[15/03/2011 16:52:47]: O valor ;height:31px; verti foi enviado com sucesso ao painel via porta: COM1

************************************************************************************************************************************
************************************************************************************************************************************

[15/03/2011 16:52:47]: Valor da URL "http://nds01.trf5.gov.br/" atualizou valor padrão para: ;height:31px; verti

************************************************************************************************************************************
************************************************************************************************************************************

[15/03/2011 16:52:36]: Configurações do painel SMM foram salvas em D:\ZOST\TRUNK\Painel SMM Impostometro\Config.ini

************************************************************************************************************************************
************************************************************************************************************************************

[15/03/2011 16:52:35]: Atualização de Funcionamento do Painel realizado com retorno: 

************************************************************************************************************************************
************************************************************************************************************************************

[15/03/2011 16:52:35]: O valor ;height:31px; verti foi enviado com sucesso ao painel via porta: COM1

************************************************************************************************************************************
************************************************************************************************************************************

[15/03/2011 16:52:35]: Valor da URL "http://nds01.trf5.gov.br/" atualizou valor padrão para: ;height:31px; verti

************************************************************************************************************************************
************************************************************************************************************************************

[15/03/2011 16:52:26]: Configurações do painel SMM foram salvas em D:\ZOST\TRUNK\Painel SMM Impostometro\Config.ini

************************************************************************************************************************************
************************************************************************************************************************************

[15/03/2011 16:52:26]: Atualização de Funcionamento do Painel realizado com retorno: 

************************************************************************************************************************************
************************************************************************************************************************************

[15/03/2011 16:52:26]: O valor ;height:31px; verti foi enviado com sucesso ao painel via porta: COM1

************************************************************************************************************************************
************************************************************************************************************************************

[15/03/2011 16:52:26]: Valor da URL "http://nds01.trf5.gov.br/" atualizou valor padrão para: ;height:31px; verti

************************************************************************************************************************************
************************************************************************************************************************************

[15/03/2011 16:52:15]: Configurações do painel SMM foram salvas em D:\ZOST\TRUNK\Painel SMM Impostometro\Config.ini

************************************************************************************************************************************
************************************************************************************************************************************

[15/03/2011 16:52:15]: Atualização de Funcionamento do Painel realizado com retorno: 

************************************************************************************************************************************
************************************************************************************************************************************

[15/03/2011 16:52:15]: O valor ;height:31px; verti foi enviado com sucesso ao painel via porta: COM1

************************************************************************************************************************************
************************************************************************************************************************************

[15/03/2011 16:52:15]: Valor da URL "http://nds01.trf5.gov.br/" atualizou valor padrão para: ;height:31px; verti

************************************************************************************************************************************
************************************************************************************************************************************

[15/03/2011 16:52:11]: Configurações do painel SMM foram salvas em D:\ZOST\TRUNK\Painel SMM Impostometro\Config.ini

************************************************************************************************************************************
************************************************************************************************************************************

[15/03/2011 16:52:10]: Atualização de Funcionamento do Painel realizado com retorno: 

************************************************************************************************************************************
************************************************************************************************************************************

[15/03/2011 16:52:10]: O valor ;height:31px; verti foi enviado com sucesso ao painel via porta: COM1

************************************************************************************************************************************
************************************************************************************************************************************

[15/03/2011 16:52:10]: Valor da URL "http://nds01.trf5.gov.br/" atualizou valor padrão para: ;height:31px; verti

************************************************************************************************************************************
************************************************************************************************************************************

[15/03/2011 16:48:18]: Valor da URL "http://nds01.trf5.gov.br/" atualizou valor padrão para: ;height:31px; verti

************************************************************************************************************************************
************************************************************************************************************************************

[15/03/2011 16:48:08]: Valor da URL "http://nds01.trf5.gov.br/" atualizou valor padrão para: ;height:31px; verti

************************************************************************************************************************************
************************************************************************************************************************************

[15/03/2011 16:47:58]: Valor da URL "http://nds01.trf5.gov.br/" atualizou valor padrão para: ados</div>
      <!

************************************************************************************************************************************
************************************************************************************************************************************

[15/03/2011 16:43:56]: Valor da URL "http://nds01.trf5.gov.br/" atualizou valor padrão para: ;height:31px; verti

************************************************************************************************************************************
************************************************************************************************************************************

[15/03/2011 16:43:46]: Valor da URL "http://nds01.trf5.gov.br/" atualizou valor padrão para: ;height:31px; verti

************************************************************************************************************************************
************************************************************************************************************************************

[15/03/2011 16:43:36]: Valor da URL "http://nds01.trf5.gov.br/" atualizou valor padrão para: ;height:31px; verti

************************************************************************************************************************************
************************************************************************************************************************************

[15/03/2011 16:41:05]: Configurações do painel SMM foram salvas em D:\ZOST\TRUNK\Painel SMM Impostometro\Config.ini

************************************************************************************************************************************
************************************************************************************************************************************

[15/03/2011 16:41:05]: Valor da URL "http://nds01.trf5.gov.br/" atualizou valor padrão para: ;height:31px; verti

************************************************************************************************************************************
************************************************************************************************************************************

[15/03/2011 16:40:46]: Valor da URL "http://nds01.trf5.gov.br/" atualizou valor padrão para: ados</div>
      <!

************************************************************************************************************************************
************************************************************************************************************************************

[15/03/2011 16:40:36]: Valor da URL "http://nds01.trf5.gov.br/" atualizou valor padrão para: ;height:31px; verti

************************************************************************************************************************************
************************************************************************************************************************************

[15/03/2011 16:40:26]: Valor da URL "http://nds01.trf5.gov.br/" atualizou valor padrão para: ;height:31px; verti

************************************************************************************************************************************
************************************************************************************************************************************

[15/03/2011 16:40:16]: Valor da URL "http://nds01.trf5.gov.br/" atualizou valor padrão para: ;height:31px; verti

************************************************************************************************************************************
************************************************************************************************************************************

[15/03/2011 16:35:54]: Valor da URL "http://nds01.trf5.gov.br/" atualizou valor padrão para: ;height:31px; verti

************************************************************************************************************************************
************************************************************************************************************************************

[15/03/2011 16:35:44]: Valor da URL "http://nds01.trf5.gov.br/" atualizou valor padrão para: ;height:31px; verti

************************************************************************************************************************************
************************************************************************************************************************************

[15/03/2011 16:35:34]: Valor da URL "http://nds01.trf5.gov.br/" atualizou valor padrão para: ;height:31px; verti

************************************************************************************************************************************
************************************************************************************************************************************

[15/03/2011 16:35:24]: Valor da URL "http://nds01.trf5.gov.br/" atualizou valor padrão para: ;height:31px; verti

************************************************************************************************************************************
************************************************************************************************************************************

[15/03/2011 16:30:42]: Valor da URL "http://nds01.trf5.gov.br/" atualizou valor padrão para: ;height:31px; verti

************************************************************************************************************************************
************************************************************************************************************************************

[15/03/2011 16:30:37]: Valor da URL "http://nds01.trf5.gov.br/" atualizou valor padrão para: ;height:31px; verti

************************************************************************************************************************************
************************************************************************************************************************************

[15/03/2011 16:30:23]: Valor da URL "http://nds01.trf5.gov.br/" atualizou valor padrão para: ;height:31px; verti

************************************************************************************************************************************
************************************************************************************************************************************

[15/03/2011 16:30:11]: Valor da URL "http://nds01.trf5.gov.br/" atualizou valor padrão para: ;height:31px; verti

************************************************************************************************************************************
************************************************************************************************************************************

[15/03/2011 16:30:02]: Valor da URL "http://nds01.trf5.gov.br/" atualizou valor padrão para: ;height:31px; verti

************************************************************************************************************************************
************************************************************************************************************************************

[15/03/2011 16:29:52]: Valor da URL "http://nds01.trf5.gov.br/" atualizou valor padrão para: ;height:31px; verti

************************************************************************************************************************************
************************************************************************************************************************************

[15/03/2011 16:22:22]: Configurações do painel SMM foram salvas em D:\ZOST\TRUNK\Painel SMM Impostometro\Config.ini

************************************************************************************************************************************
************************************************************************************************************************************

[15/03/2011 16:22:22]: Atualização de Funcionamento do Painel realizado com retorno: 

************************************************************************************************************************************
************************************************************************************************************************************

[15/03/2011 16:22:22]: O valor ;height:31px; verti foi enviado com sucesso ao painel via porta: COM1

************************************************************************************************************************************
************************************************************************************************************************************

[15/03/2011 16:22:22]: Valor da URL "http://nds01.trf5.gov.br/" atualizou valor padrão para: ;height:31px; verti

************************************************************************************************************************************
************************************************************************************************************************************

[15/03/2011 16:20:46]: Configurações do painel SMM foram salvas em D:\ZOST\TRUNK\Painel SMM Impostometro\Config.ini

************************************************************************************************************************************
************************************************************************************************************************************

[15/03/2011 16:20:46]: Atualização de Funcionamento do Painel realizado com retorno: 

************************************************************************************************************************************
************************************************************************************************************************************

[15/03/2011 16:20:46]: O valor ;height:31px; verti foi enviado com sucesso ao painel via porta: COM1

************************************************************************************************************************************
************************************************************************************************************************************

[15/03/2011 16:20:46]: Valor da URL "http://nds01.trf5.gov.br/" atualizou valor padrão para: ;height:31px; verti

************************************************************************************************************************************
************************************************************************************************************************************

[15/03/2011 16:20:25]: Configurações do painel SMM foram salvas em D:\ZOST\TRUNK\Painel SMM Impostometro\Config.ini

************************************************************************************************************************************
************************************************************************************************************************************

[15/03/2011 16:19:55]: Valor da URL "http://nds01.trf5.gov.br/" atualizou por teste o valor padrão para: ;height:31px; verti

************************************************************************************************************************************
************************************************************************************************************************************

[15/03/2011 16:19:49]: Configurações do painel SMM foram salvas em D:\ZOST\TRUNK\Painel SMM Impostometro\Config.ini

************************************************************************************************************************************
************************************************************************************************************************************

[15/03/2011 16:18:27]: Configurações do painel SMM foram salvas em D:\ZOST\TRUNK\Painel SMM Impostometro\Config.ini

************************************************************************************************************************************
************************************************************************************************************************************

[15/03/2011 16:18:25]: Atualização de Funcionamento do Painel realizado com retorno: 

************************************************************************************************************************************
************************************************************************************************************************************

[15/03/2011 16:18:25]: O valor ados</div>
      <! foi enviado com sucesso ao painel via porta: COM1

************************************************************************************************************************************
************************************************************************************************************************************

[15/03/2011 16:18:20]: Valor da URL "http://nds01.trf5.gov.br/" atualizou valor padrão para: ados</div>
      <!

************************************************************************************************************************************
************************************************************************************************************************************

[15/03/2011 16:16:49]: Configurações do painel SMM foram salvas em D:\ZOST\TRUNK\Painel SMM Impostometro\Config.ini

************************************************************************************************************************************
************************************************************************************************************************************

[15/03/2011 16:16:47]: Atualização de Funcionamento do Painel realizado com retorno: 

************************************************************************************************************************************
************************************************************************************************************************************

[15/03/2011 16:16:47]: O valor ;height:31px; verti foi enviado com sucesso ao painel via porta: COM1

************************************************************************************************************************************
************************************************************************************************************************************

[15/03/2011 16:16:39]: Valor da URL "http://nds01.trf5.gov.br/" atualizou valor padrão para: ;height:31px; verti

************************************************************************************************************************************
************************************************************************************************************************************

[15/03/2011 16:15:34]: Configurações do painel SMM foram salvas em D:\ZOST\TRUNK\Painel SMM Impostometro\Config.ini

************************************************************************************************************************************
************************************************************************************************************************************

[15/03/2011 16:15:32]: Atualização de Funcionamento do Painel realizado com retorno: 

************************************************************************************************************************************
************************************************************************************************************************************

[15/03/2011 16:15:32]: O valor ados</div>
      <! foi enviado com sucesso ao painel via porta: COM1

************************************************************************************************************************************
************************************************************************************************************************************

[15/03/2011 16:15:26]: Valor da URL "http://nds01.trf5.gov.br/" atualizou valor padrão para: ados</div>
      <!

************************************************************************************************************************************
************************************************************************************************************************************

[15/03/2011 16:14:23]: Configurações do painel SMM foram salvas em D:\ZOST\TRUNK\Painel SMM Impostometro\Config.ini

************************************************************************************************************************************
************************************************************************************************************************************

[15/03/2011 16:13:32]: Configurações do painel SMM foram salvas em D:\ZOST\TRUNK\Painel SMM Impostometro\Config.ini

************************************************************************************************************************************
************************************************************************************************************************************

[15/03/2011 16:13:32]: Atualização de Funcionamento do Painel realizado com retorno: 

************************************************************************************************************************************
************************************************************************************************************************************

[15/03/2011 16:13:32]: O valor ;height:31px; verti foi enviado com sucesso ao painel via porta: COM1

************************************************************************************************************************************
************************************************************************************************************************************

[15/03/2011 16:13:32]: Valor da URL "http://nds01.trf5.gov.br/" atualizou valor padrão para: ;height:31px; verti

************************************************************************************************************************************
************************************************************************************************************************************

[15/03/2011 16:13:10]: Configurações do painel SMM foram salvas em D:\ZOST\TRUNK\Painel SMM Impostometro\Config.ini

************************************************************************************************************************************
************************************************************************************************************************************

[15/03/2011 16:13:10]: Configurações do painel SMM foram salvas em D:\ZOST\TRUNK\Painel SMM Impostometro\Config.ini

************************************************************************************************************************************
************************************************************************************************************************************

[15/03/2011 16:11:30]: Configurações do painel SMM foram salvas em D:\ZOST\TRUNK\Painel SMM Impostometro\Config.ini

************************************************************************************************************************************
************************************************************************************************************************************

[15/03/2011 16:11:29]: Configurações do painel SMM foram salvas em D:\ZOST\TRUNK\Painel SMM Impostometro\Config.ini

************************************************************************************************************************************
************************************************************************************************************************************

[15/03/2011 16:10:14]: Configurações do painel SMM foram salvas em D:\ZOST\TRUNK\Painel SMM Impostometro\Config.ini

************************************************************************************************************************************
************************************************************************************************************************************

[15/03/2011 15:31:51]: Configurações do painel SMM foram salvas em D:\ZOST\TRUNK\Painel SMM Impostometro\Config.ini

************************************************************************************************************************************
************************************************************************************************************************************

[15/03/2011 15:31:51]: Atualização de Funcionamento do Painel realizado com retorno: 

************************************************************************************************************************************
************************************************************************************************************************************

[15/03/2011 15:31:51]: O valor 0000000000000000000 foi enviado com sucesso ao painel via porta: COM1

************************************************************************************************************************************
************************************************************************************************************************************

[15/03/2011 15:31:50]: A URL "http://www.tributarista.adm.br/impostometro/home/valorPainelRecife.php" retornou valor vazio, usado valor padrão: 0000000000000000000

************************************************************************************************************************************
************************************************************************************************************************************

[15/03/2011 15:31:50]: Configurações do painel SMM foram salvas em D:\ZOST\TRUNK\Painel SMM Impostometro\Config.ini

************************************************************************************************************************************
************************************************************************************************************************************

[15/03/2011 15:31:50]: Atualização de Funcionamento do Painel realizado com retorno: 

************************************************************************************************************************************
************************************************************************************************************************************

[15/03/2011 15:31:50]: O valor 0000000000000000000 foi enviado com sucesso ao painel via porta: COM1

************************************************************************************************************************************
************************************************************************************************************************************

[15/03/2011 15:31:50]: A URL "http://www.tributarista.adm.br/impostometro/home/valorPainelRecife.php" retornou valor vazio, usado valor padrão: 0000000000000000000

************************************************************************************************************************************
************************************************************************************************************************************

[15/03/2011 15:31:50]: Configurações do painel SMM foram salvas em D:\ZOST\TRUNK\Painel SMM Impostometro\Config.ini

************************************************************************************************************************************
************************************************************************************************************************************

[15/03/2011 15:31:50]: Atualização de Funcionamento do Painel realizado com retorno: 

************************************************************************************************************************************
************************************************************************************************************************************

[15/03/2011 15:31:50]: O valor 0000000000000000000 foi enviado com sucesso ao painel via porta: COM1

************************************************************************************************************************************
************************************************************************************************************************************

[15/03/2011 15:31:50]: A URL "http://www.tributarista.adm.br/impostometro/home/valorPainelRecife.php" retornou valor vazio, usado valor padrão: 0000000000000000000

************************************************************************************************************************************
************************************************************************************************************************************

[15/03/2011 15:31:50]: Configurações do painel SMM foram salvas em D:\ZOST\TRUNK\Painel SMM Impostometro\Config.ini

************************************************************************************************************************************
************************************************************************************************************************************

[15/03/2011 15:31:50]: Atualização de Funcionamento do Painel realizado com retorno: 

************************************************************************************************************************************
************************************************************************************************************************************

[15/03/2011 15:31:50]: O valor 0000000000000000000 foi enviado com sucesso ao painel via porta: COM1

************************************************************************************************************************************
************************************************************************************************************************************

[15/03/2011 15:31:50]: A URL "http://www.tributarista.adm.br/impostometro/home/valorPainelRecife.php" retornou valor vazio, usado valor padrão: 0000000000000000000

************************************************************************************************************************************
************************************************************************************************************************************

[15/03/2011 15:31:50]: Configurações do painel SMM foram salvas em D:\ZOST\TRUNK\Painel SMM Impostometro\Config.ini

************************************************************************************************************************************
************************************************************************************************************************************

[15/03/2011 15:31:50]: Atualização de Funcionamento do Painel realizado com retorno: 

************************************************************************************************************************************
************************************************************************************************************************************

[15/03/2011 15:31:50]: O valor 0000000000000000000 foi enviado com sucesso ao painel via porta: COM1

************************************************************************************************************************************
************************************************************************************************************************************

[15/03/2011 15:31:50]: A URL "http://www.tributarista.adm.br/impostometro/home/valorPainelRecife.php" retornou valor vazio, usado valor padrão: 0000000000000000000

************************************************************************************************************************************
************************************************************************************************************************************

[15/03/2011 15:31:50]: Configurações do painel SMM foram salvas em D:\ZOST\TRUNK\Painel SMM Impostometro\Config.ini

************************************************************************************************************************************
************************************************************************************************************************************

[15/03/2011 15:31:50]: Atualização de Funcionamento do Painel realizado com retorno: 

************************************************************************************************************************************
************************************************************************************************************************************

[15/03/2011 15:31:50]: O valor 0000000000000000000 foi enviado com sucesso ao painel via porta: COM1

************************************************************************************************************************************
************************************************************************************************************************************

[15/03/2011 15:31:50]: A URL "http://www.tributarista.adm.br/impostometro/home/valorPainelRecife.php" retornou valor vazio, usado valor padrão: 0000000000000000000

************************************************************************************************************************************
************************************************************************************************************************************

[15/03/2011 15:31:50]: Configurações do painel SMM foram salvas em D:\ZOST\TRUNK\Painel SMM Impostometro\Config.ini

************************************************************************************************************************************
************************************************************************************************************************************

[15/03/2011 15:31:50]: Atualização de Funcionamento do Painel realizado com retorno: 

************************************************************************************************************************************
************************************************************************************************************************************

[15/03/2011 15:31:50]: O valor 0000000000000000000 foi enviado com sucesso ao painel via porta: COM1

************************************************************************************************************************************
************************************************************************************************************************************

[15/03/2011 15:31:50]: A URL "http://www.tributarista.adm.br/impostometro/home/valorPainelRecife.php" retornou valor vazio, usado valor padrão: 0000000000000000000

************************************************************************************************************************************
************************************************************************************************************************************

[15/03/2011 15:31:50]: Configurações do painel SMM foram salvas em D:\ZOST\TRUNK\Painel SMM Impostometro\Config.ini

************************************************************************************************************************************
************************************************************************************************************************************

[15/03/2011 15:31:49]: Atualização de Funcionamento do Painel realizado com retorno: 

************************************************************************************************************************************
************************************************************************************************************************************

[15/03/2011 15:31:49]: O valor 0000000000000000000 foi enviado com sucesso ao painel via porta: COM1

************************************************************************************************************************************
************************************************************************************************************************************

[15/03/2011 15:31:49]: A URL "http://www.tributarista.adm.br/impostometro/home/valorPainelRecife.php" retornou valor vazio, usado valor padrão: 0000000000000000000

************************************************************************************************************************************
************************************************************************************************************************************

[15/03/2011 15:31:49]: Configurações do painel SMM foram salvas em D:\ZOST\TRUNK\Painel SMM Impostometro\Config.ini

************************************************************************************************************************************
************************************************************************************************************************************

[15/03/2011 15:31:49]: Atualização de Funcionamento do Painel realizado com retorno: 

************************************************************************************************************************************
************************************************************************************************************************************

[15/03/2011 15:31:49]: O valor 0000000000000000000 foi enviado com sucesso ao painel via porta: COM1

************************************************************************************************************************************
************************************************************************************************************************************

[15/03/2011 15:31:49]: A URL "http://www.tributarista.adm.br/impostometro/home/valorPainelRecife.php" retornou valor vazio, usado valor padrão: 0000000000000000000

************************************************************************************************************************************
************************************************************************************************************************************

[15/03/2011 15:31:49]: Configurações do painel SMM foram salvas em D:\ZOST\TRUNK\Painel SMM Impostometro\Config.ini

************************************************************************************************************************************
************************************************************************************************************************************

[15/03/2011 15:31:49]: Atualização de Funcionamento do Painel realizado com retorno: 

************************************************************************************************************************************
************************************************************************************************************************************

[15/03/2011 15:31:49]: O valor 0000000000000000000 foi enviado com sucesso ao painel via porta: COM1

************************************************************************************************************************************
************************************************************************************************************************************

[15/03/2011 15:31:49]: A URL "http://www.tributarista.adm.br/impostometro/home/valorPainelRecife.php" retornou valor vazio, usado valor padrão: 0000000000000000000

************************************************************************************************************************************
************************************************************************************************************************************

[15/03/2011 15:31:49]: Configurações do painel SMM foram salvas em D:\ZOST\TRUNK\Painel SMM Impostometro\Config.ini

************************************************************************************************************************************
************************************************************************************************************************************

[15/03/2011 15:31:49]: Atualização de Funcionamento do Painel realizado com retorno: 

************************************************************************************************************************************
************************************************************************************************************************************

[15/03/2011 15:31:49]: O valor 0000000000000000000 foi enviado com sucesso ao painel via porta: COM1

************************************************************************************************************************************
************************************************************************************************************************************

[15/03/2011 15:31:49]: Falha ao pegar valor na URL: "http://www.tributarista.adm.br/impostometro/home/valorPainelRecife.php". Foi utilizaado o valor padrão: 0000000000000000000

************************************************************************************************************************************
************************************************************************************************************************************

[15/03/2011 15:31:48]: Configurações do painel SMM foram salvas em D:\ZOST\TRUNK\Painel SMM Impostometro\Config.ini

************************************************************************************************************************************
************************************************************************************************************************************

[15/03/2011 15:31:48]: Atualização de Funcionamento do Painel realizado com retorno: 

************************************************************************************************************************************
************************************************************************************************************************************

[15/03/2011 15:31:48]: O valor 0000000000000000000 foi enviado com sucesso ao painel via porta: COM1

************************************************************************************************************************************
************************************************************************************************************************************

[15/03/2011 15:31:47]: Falha ao pegar valor na URL: "http://www.tributarista.adm.br/impostometro/home/valorPainelRecife.php". Foi utilizaado o valor padrão: 0000000000000000000

************************************************************************************************************************************
************************************************************************************************************************************

[15/03/2011 15:29:43]: Configurações do painel SMM foram salvas em D:\ZOST\TRUNK\Painel SMM Impostometro\Config.ini

************************************************************************************************************************************
************************************************************************************************************************************

[15/03/2011 15:29:12]: Configurações do painel SMM foram salvas em D:\ZOST\TRUNK\Painel SMM Impostometro\Config.ini

************************************************************************************************************************************
************************************************************************************************************************************

[15/03/2011 13:05:02]: Configurações do painel SMM foram salvas em D:\ZOST\TRUNK\Painel SMM Impostometro\Config.ini

************************************************************************************************************************************
************************************************************************************************************************************

[14/03/2011 22:48:37]: Configurações do painel SMM foram salvas em E:\backup d\desenvolvimento\PainelSMMImpostometro\Config.ini

************************************************************************************************************************************
************************************************************************************************************************************

[14/03/2011 22:48:37]: Atualização de Funcionamento do Painel realizado com retorno: 

************************************************************************************************************************************
************************************************************************************************************************************

[14/03/2011 22:48:37]: O valor 0027200334576241082 foi enviado com sucesso ao painel via porta: COM1

************************************************************************************************************************************
************************************************************************************************************************************

[14/03/2011 22:48:37]: Valor da URL "http://www.tributarista.adm.br/impostometro/home/valorPainelRecife.php" atualizou valor padrão para: 0027200334576241082

************************************************************************************************************************************
************************************************************************************************************************************

[14/03/2011 22:48:28]: Configurações do painel SMM foram salvas em E:\backup d\desenvolvimento\PainelSMMImpostometro\Config.ini

************************************************************************************************************************************
************************************************************************************************************************************

[14/03/2011 22:45:56]: Configurações do painel SMM foram salvas em E:\backup d\desenvolvimento\PainelSMMImpostometro\Config.ini

************************************************************************************************************************************
************************************************************************************************************************************

[14/03/2011 22:45:56]: Atualização de Funcionamento do Painel realizado com retorno: 

************************************************************************************************************************************
************************************************************************************************************************************

[14/03/2011 22:45:56]: O valor 0027199397904641082 foi enviado com sucesso ao painel via porta: COM1

************************************************************************************************************************************
************************************************************************************************************************************

[14/03/2011 22:45:56]: Valor da URL "http://www.tributarista.adm.br/impostometro/home/valorPainelRecife.php" atualizou valor padrão para: 0027199397904641082

************************************************************************************************************************************
************************************************************************************************************************************

[14/03/2011 22:45:56]: Configurações do painel SMM foram salvas em E:\backup d\desenvolvimento\PainelSMMImpostometro\Config.ini

************************************************************************************************************************************
************************************************************************************************************************************

[14/03/2011 22:45:55]: Atualização de Funcionamento do Painel realizado com retorno: 

************************************************************************************************************************************
************************************************************************************************************************************

[14/03/2011 22:45:55]: O valor 0027199430770341082 foi enviado com sucesso ao painel via porta: COM1

************************************************************************************************************************************
************************************************************************************************************************************

[14/03/2011 22:45:55]: Valor da URL "http://www.tributarista.adm.br/impostometro/home/valorPainelRecife.php" atualizou valor padrão para: 0027199430770341082

************************************************************************************************************************************
************************************************************************************************************************************

[14/03/2011 22:45:53]: Configurações do painel SMM foram salvas em E:\backup d\desenvolvimento\PainelSMMImpostometro\Config.ini

************************************************************************************************************************************
************************************************************************************************************************************

[14/03/2011 22:45:52]: Atualização de Funcionamento do Painel realizado com retorno: 

************************************************************************************************************************************
************************************************************************************************************************************

[14/03/2011 22:45:52]: O valor 0027199471852441082 foi enviado com sucesso ao painel via porta: COM1

************************************************************************************************************************************
************************************************************************************************************************************

[14/03/2011 22:45:52]: Valor da URL "http://www.tributarista.adm.br/impostometro/home/valorPainelRecife.php" atualizou valor padrão para: 0027199471852441082

************************************************************************************************************************************
************************************************************************************************************************************

[14/03/2011 22:45:43]: Configurações do painel SMM foram salvas em E:\backup d\desenvolvimento\PainelSMMImpostometro\Config.ini

************************************************************************************************************************************
************************************************************************************************************************************

[14/03/2011 22:45:43]: Atualização de Funcionamento do Painel realizado com retorno: 

************************************************************************************************************************************
************************************************************************************************************************************

[14/03/2011 22:45:43]: O valor 0027199492393441082 foi enviado com sucesso ao painel via porta: COM1

************************************************************************************************************************************
************************************************************************************************************************************

[14/03/2011 22:45:41]: Valor da URL "http://www.tributarista.adm.br/impostometro/home/valorPainelRecife.php" atualizou valor padrão para: 0027199492393441082

************************************************************************************************************************************
************************************************************************************************************************************

[14/03/2011 22:45:26]: Configurações do painel SMM foram salvas em E:\backup d\desenvolvimento\PainelSMMImpostometro\Config.ini

************************************************************************************************************************************
************************************************************************************************************************************

[14/03/2011 22:45:25]: Atualização de Funcionamento do Painel realizado com retorno: 

************************************************************************************************************************************
************************************************************************************************************************************

[14/03/2011 22:45:24]: O valor 0027199492393441082 foi enviado com sucesso ao painel via porta: COM1

************************************************************************************************************************************
************************************************************************************************************************************

[14/03/2011 22:45:16]: Valor da URL "http://www.tributarista.adm.br/impostometro/home/valorPainelRecife.php" atualizou valor padrão para: 0027199492393441082

************************************************************************************************************************************
************************************************************************************************************************************

[14/03/2011 22:43:21]: Configurações do painel SMM foram salvas em E:\backup d\desenvolvimento\PainelSMMImpostometro\Config.ini

************************************************************************************************************************************
************************************************************************************************************************************

[14/03/2011 22:04:38]: Configurações do painel SMM foram salvas em E:\backup d\desenvolvimento\PainelSMMImpostometro\Config.ini

************************************************************************************************************************************
************************************************************************************************************************************

[14/03/2011 22:04:16]: Configurações do painel SMM foram salvas em E:\backup d\desenvolvimento\PainelSMMImpostometro\Config.ini

************************************************************************************************************************************
************************************************************************************************************************************

[14/03/2011 22:04:15]: Atualização de Funcionamento do Painel realizado com retorno: 

************************************************************************************************************************************
************************************************************************************************************************************

[14/03/2011 22:04:15]: O valor 0027189390307441082 foi enviado com sucesso ao painel via porta: COM1

************************************************************************************************************************************
************************************************************************************************************************************

[14/03/2011 22:04:15]: Valor da URL "http://www.tributarista.adm.br/impostometro/home/valorPainelRecife.php" atualizou valor padrão para: 0027189390307441082

************************************************************************************************************************************
************************************************************************************************************************************

[14/03/2011 22:04:15]: Configurações do painel SMM foram salvas em E:\backup d\desenvolvimento\PainelSMMImpostometro\Config.ini

************************************************************************************************************************************
************************************************************************************************************************************

[14/03/2011 22:04:15]: Atualização de Funcionamento do Painel realizado com retorno: 

************************************************************************************************************************************
************************************************************************************************************************************

[14/03/2011 22:04:15]: O valor 0027189390307441082 foi enviado com sucesso ao painel via porta: COM1

************************************************************************************************************************************
************************************************************************************************************************************

[14/03/2011 22:04:14]: Valor da URL "http://www.tributarista.adm.br/impostometro/home/valorPainelRecife.php" atualizou valor padrão para: 0027189390307441082

************************************************************************************************************************************
************************************************************************************************************************************

[14/03/2011 22:04:14]: Configurações do painel SMM foram salvas em E:\backup d\desenvolvimento\PainelSMMImpostometro\Config.ini

************************************************************************************************************************************
************************************************************************************************************************************

[14/03/2011 22:04:14]: Atualização de Funcionamento do Painel realizado com retorno: 

************************************************************************************************************************************
************************************************************************************************************************************

[14/03/2011 22:04:14]: O valor 0027189390307441082 foi enviado com sucesso ao painel via porta: COM1

************************************************************************************************************************************
************************************************************************************************************************************

[14/03/2011 22:04:13]: Valor da URL "http://www.tributarista.adm.br/impostometro/home/valorPainelRecife.php" atualizou valor padrão para: 0027189390307441082

************************************************************************************************************************************
************************************************************************************************************************************

[14/03/2011 22:04:13]: Configurações do painel SMM foram salvas em E:\backup d\desenvolvimento\PainelSMMImpostometro\Config.ini

************************************************************************************************************************************
************************************************************************************************************************************

[14/03/2011 22:04:13]: Atualização de Funcionamento do Painel realizado com retorno: 

************************************************************************************************************************************
************************************************************************************************************************************

[14/03/2011 22:04:13]: O valor 0027189390307441082 foi enviado com sucesso ao painel via porta: COM1

************************************************************************************************************************************
************************************************************************************************************************************

[14/03/2011 22:04:12]: Valor da URL "http://www.tributarista.adm.br/impostometro/home/valorPainelRecife.php" atualizou valor padrão para: 0027189390307441082

************************************************************************************************************************************
************************************************************************************************************************************

[14/03/2011 22:03:58]: Configurações do painel SMM foram salvas em E:\backup d\desenvolvimento\PainelSMMImpostometro\Config.ini

************************************************************************************************************************************
************************************************************************************************************************************

[14/03/2011 21:42:40]: Configurações do painel SMM foram salvas em E:\backup d\desenvolvimento\PainelSMMImpostometro\Config.ini

************************************************************************************************************************************
************************************************************************************************************************************

[14/03/2011 21:42:40]: Atualização de Funcionamento do Painel realizado com retorno: 

************************************************************************************************************************************
************************************************************************************************************************************

[14/03/2011 21:42:40]: O valor 0027184078393141082 foi enviado com sucesso ao painel via porta: COM1

************************************************************************************************************************************
************************************************************************************************************************************

[14/03/2011 21:42:40]: Valor da URL "http://www.tributarista.adm.br/impostometro/home/valorPainelRecife.php" atualizou valor padrão para: 0027184078393141082

************************************************************************************************************************************
************************************************************************************************************************************

[14/03/2011 21:37:41]: Configurações do painel SMM foram salvas em E:\backup d\desenvolvimento\PainelSMMImpostometro\Config.ini

************************************************************************************************************************************
************************************************************************************************************************************

[14/03/2011 21:37:41]: Atualização de Funcionamento do Painel realizado com retorno: 

************************************************************************************************************************************
************************************************************************************************************************************

[14/03/2011 21:37:41]: O valor 0027182854146941082 foi enviado com sucesso ao painel via porta: COM1

************************************************************************************************************************************
************************************************************************************************************************************

[14/03/2011 21:37:41]: Valor da URL "http://www.tributarista.adm.br/impostometro/home/valorPainelRecife.php" atualizou valor padrão para: 0027182854146941082

************************************************************************************************************************************
************************************************************************************************************************************

[14/03/2011 21:37:27]: Configurações do painel SMM foram salvas em E:\backup d\desenvolvimento\PainelSMMImpostometro\Config.ini

************************************************************************************************************************************
************************************************************************************************************************************

[14/03/2011 21:37:00]: Configurações do painel SMM foram salvas em E:\backup d\desenvolvimento\PainelSMMImpostometro\Config.ini

************************************************************************************************************************************
************************************************************************************************************************************

[14/03/2011 21:37:00]: Falha ao enviar valor 0027182685710341082 ao Painel pela porta "COM6", favor verificar a conexão serial do painel...

************************************************************************************************************************************
************************************************************************************************************************************

[14/03/2011 21:37:00]: Valor da URL "http://www.tributarista.adm.br/impostometro/home/valorPainelRecife.php" atualizou valor padrão para: 0027182685710341082

************************************************************************************************************************************
************************************************************************************************************************************

[14/03/2011 21:36:55]: Configurações do painel SMM foram salvas em E:\backup d\desenvolvimento\PainelSMMImpostometro\Config.ini

************************************************************************************************************************************
************************************************************************************************************************************

[13/03/2011 16:14:12]: Configurações do painel SMM foram salvas em E:\backup d\desenvolvimento\PainelSMMImpostometro\Config.ini

************************************************************************************************************************************
************************************************************************************************************************************

[13/03/2011 16:14:12]: Atualização de Funcionamento do Painel realizado com retorno: 

************************************************************************************************************************************
************************************************************************************************************************************

[13/03/2011 16:14:12]: O valor 0026748082518641082 foi enviado com sucesso ao painel via porta: COM1

************************************************************************************************************************************
************************************************************************************************************************************

[13/03/2011 16:14:12]: Valor da URL "http://www.tributarista.adm.br/impostometro/home/valorPainelRecife.php" atualizou valor padrão para: 0026748082518641082

************************************************************************************************************************************
************************************************************************************************************************************

[13/03/2011 16:13:58]: Configurações do painel SMM foram salvas em E:\backup d\desenvolvimento\PainelSMMImpostometro\Config.ini

************************************************************************************************************************************
************************************************************************************************************************************

[13/03/2011 16:13:21]: Configurações do painel SMM foram salvas em E:\backup d\desenvolvimento\PainelSMMImpostometro\Config.ini

************************************************************************************************************************************
************************************************************************************************************************************

[13/03/2011 16:13:21]: Atualização de Funcionamento do Painel realizado com retorno: 

************************************************************************************************************************************
************************************************************************************************************************************

[13/03/2011 16:13:21]: O valor 0026747873000041082 foi enviado com sucesso ao painel via porta: COM1

************************************************************************************************************************************
************************************************************************************************************************************

[13/03/2011 16:13:21]: Valor da URL "http://www.tributarista.adm.br/impostometro/home/valorPainelRecife.php" atualizou valor padrão para: 0026747873000041082

************************************************************************************************************************************
************************************************************************************************************************************

[13/03/2011 16:13:09]: Configurações do painel SMM foram salvas em E:\backup d\desenvolvimento\PainelSMMImpostometro\Config.ini

************************************************************************************************************************************
************************************************************************************************************************************

[13/03/2011 16:12:22]: Configurações do painel SMM foram salvas em E:\backup d\desenvolvimento\PainelSMMImpostometro\Config.ini

************************************************************************************************************************************
************************************************************************************************************************************

[13/03/2011 16:12:22]: O valor 0026747630615641082 enviado ao painel via SMS para: 558192347376 obteve o seguinte resultado: ERRO ao autenticar Conta e/ou Senha!

************************************************************************************************************************************
************************************************************************************************************************************

[13/03/2011 16:12:22]: Valor da URL "http://www.tributarista.adm.br/impostometro/home/valorPainelRecife.php" atualizou valor padrão para: 0026747630615641082

************************************************************************************************************************************
************************************************************************************************************************************

[13/03/2011 16:12:14]: Configurações do painel SMM foram salvas em E:\backup d\desenvolvimento\PainelSMMImpostometro\Config.ini

************************************************************************************************************************************
************************************************************************************************************************************

[13/03/2011 16:12:07]: Configurações do painel SMM foram salvas em E:\backup d\desenvolvimento\PainelSMMImpostometro\Config.ini

************************************************************************************************************************************
************************************************************************************************************************************

[13/03/2011 16:11:28]: Configurações do painel SMM foram salvas em E:\backup d\desenvolvimento\PainelSMMImpostometro\Config.ini

************************************************************************************************************************************
************************************************************************************************************************************

[13/03/2011 16:11:28]: O valor 0026747408772341082 enviado ao painel via SMS para: 558192347376 obteve o seguinte resultado: ERRO ao autenticar Conta e/ou Senha!

************************************************************************************************************************************
************************************************************************************************************************************

[13/03/2011 16:11:27]: Valor da URL "http://www.tributarista.adm.br/impostometro/home/valorPainelRecife.php" atualizou valor padrão para: 0026747408772341082

************************************************************************************************************************************
************************************************************************************************************************************

[13/03/2011 16:11:22]: Configurações do painel SMM foram salvas em E:\backup d\desenvolvimento\PainelSMMImpostometro\Config.ini

************************************************************************************************************************************
************************************************************************************************************************************

[06/09/2010 22:25:44]: Configurações do painel SMM foram salvas em C:\backup d\desenvolvimento\PainelSMMImpostometro\Config.ini

************************************************************************************************************************************
************************************************************************************************************************************

[06/09/2010 22:25:44]: O valor 0082349778262037095 enviado ao painel via SMS para: 558192347376 obteve o seguinte resultado: ERRO ao autenticar Conta e/ou Senha!

************************************************************************************************************************************
************************************************************************************************************************************

[06/09/2010 22:25:43]: Valor da URL "http://www.tributarista.adm.br/impostometro/home/valorPainelRecife.php" atualizou valor padrão para: 0082349778262037095

************************************************************************************************************************************
